<?xml version="1.0" encoding="UTF-8"?>
<testng-results ignored="0" total="1" passed="1" failed="0" skipped="0">
  <reporter-output>
  </reporter-output>
  <suite started-at="2024-03-22T19:16:36 IST" name="Default suite" finished-at="2024-03-22T19:17:12 IST" duration-ms="35522">
    <groups>
    </groups>
    <test started-at="2024-03-22T19:16:36 IST" name="Default test" finished-at="2024-03-22T19:17:12 IST" duration-ms="35522">
      <class name="ormworkshift.tests.AddWorkShiftTest">
        <test-method is-config="true" signature="setUp()[pri:0, instance:ormworkshift.tests.AddWorkShiftTest@2f54a33d]" started-at="2024-03-22T19:16:36 IST" name="setUp" finished-at="2024-03-22T19:16:52 IST" duration-ms="15940" status="PASS">
          <reporter-output>
          </reporter-output>
        </test-method> <!-- setUp -->
        <test-method signature="testAddWorkShift()[pri:0, instance:ormworkshift.tests.AddWorkShiftTest@2f54a33d]" started-at="2024-03-22T19:16:52 IST" name="testAddWorkShift" finished-at="2024-03-22T19:17:11 IST" duration-ms="19192" status="PASS">
          <reporter-output>
          </reporter-output>
        </test-method> <!-- testAddWorkShift -->
        <test-method is-config="true" signature="tearDown()[pri:0, instance:ormworkshift.tests.AddWorkShiftTest@2f54a33d]" started-at="2024-03-22T19:17:11 IST" name="tearDown" finished-at="2024-03-22T19:17:12 IST" duration-ms="327" status="PASS">
          <reporter-output>
          </reporter-output>
        </test-method> <!-- tearDown -->
      </class> <!-- ormworkshift.tests.AddWorkShiftTest -->
    </test> <!-- Default test -->
  </suite> <!-- Default suite -->
</testng-results>
